<?xml version="1.0" encoding="UTF-8"?>
<testng-results skipped="1" failed="0" total="1" passed="0">
  <reporter-output>
  </reporter-output>
  <suite name="Default suite" duration-ms="2895" started-at="2016-12-21T02:36:53Z" finished-at="2016-12-21T02:36:56Z">
    <groups>
    </groups>
    <test name="Default test" duration-ms="2895" started-at="2016-12-21T02:36:53Z" finished-at="2016-12-21T02:36:56Z">
      <class name="core.DBTest">
        <test-method status="PASS" signature="browserOpen()[pri:0, instance:core.DBTest@36c6e417]" name="browserOpen" is-config="true" duration-ms="2782" started-at="2016-12-20T18:36:53Z" finished-at="2016-12-20T18:36:56Z">
          <reporter-output>
          </reporter-output>
        </test-method> <!-- browserOpen -->
        <test-method status="SKIP" signature="titleValidation(java.lang.String, java.lang.String, java.lang.String)[pri:0, instance:core.DBTest@36c6e417]" name="titleValidation" duration-ms="0" started-at="2016-12-20T18:36:56Z" finished-at="2016-12-20T18:36:56Z">
          <exception class="org.testng.TestNGException">
            <message>
              <![CDATA[
Method titleValidation requires 3 parameters but 0 were supplied in the @Test annotation.]]>
            </message>
            <full-stacktrace>
              <![CDATA[org.testng.TestNGException: 
Method titleValidation requires 3 parameters but 0 were supplied in the @Test annotation.
	at org.testng.internal.Parameters.checkParameterTypes(Parameters.java:191)
	at org.testng.internal.Parameters.createParameters(Parameters.java:127)
	at org.testng.internal.Parameters.createParameters(Parameters.java:376)
	at org.testng.internal.Parameters.handleParameters(Parameters.java:451)
	at org.testng.internal.Invoker.handleParameters(Invoker.java:1274)
	at org.testng.internal.Invoker.createParameters(Invoker.java:989)
	at org.testng.internal.Invoker.invokeTestMethods(Invoker.java:1079)
	at org.testng.internal.TestMethodWorker.invokeTestMethods(TestMethodWorker.java:129)
	at org.testng.internal.TestMethodWorker.run(TestMethodWorker.java:112)
	at org.testng.TestRunner.privateRun(TestRunner.java:782)
	at org.testng.TestRunner.run(TestRunner.java:632)
	at org.testng.SuiteRunner.runTest(SuiteRunner.java:366)
	at org.testng.SuiteRunner.runSequentially(SuiteRunner.java:361)
	at org.testng.SuiteRunner.privateRun(SuiteRunner.java:319)
	at org.testng.SuiteRunner.run(SuiteRunner.java:268)
	at org.testng.SuiteRunnerWorker.runSuite(SuiteRunnerWorker.java:52)
	at org.testng.SuiteRunnerWorker.run(SuiteRunnerWorker.java:86)
	at org.testng.TestNG.runSuitesSequentially(TestNG.java:1244)
	at org.testng.TestNG.runSuitesLocally(TestNG.java:1169)
	at org.testng.TestNG.run(TestNG.java:1064)
	at org.testng.remote.AbstractRemoteTestNG.run(AbstractRemoteTestNG.java:132)
	at org.testng.remote.RemoteTestNG.initAndRun(RemoteTestNG.java:236)
	at org.testng.remote.RemoteTestNG.main(RemoteTestNG.java:81)
]]>
            </full-stacktrace>
          </exception> <!-- org.testng.TestNGException -->
          <reporter-output>
          </reporter-output>
        </test-method> <!-- titleValidation -->
        <test-method status="PASS" signature="browserQuit()[pri:0, instance:core.DBTest@36c6e417]" name="browserQuit" is-config="true" duration-ms="90" started-at="2016-12-20T18:36:56Z" finished-at="2016-12-20T18:36:56Z">
          <reporter-output>
          </reporter-output>
        </test-method> <!-- browserQuit -->
      </class> <!-- core.DBTest -->
    </test> <!-- Default test -->
  </suite> <!-- Default suite -->
</testng-results>
